Drill report for /home/vovan/kicad/smart-roller-gate-controller/hw/smart-roller-gate-controller/smart-roller-gate-controller.kicad_pcb
Created on Вс 26 янв 2020 17:02:54

Copper Layer Stackup:
    =============================================================
    L1 :  F.Cu                      front
    L2 :  B.Cu                      back


Drill file 'smart-roller-gate-controller.drl' contains
    plated through holes:
    =============================================================
    T1  0,40mm  0,016"  (43 holes)
    T2  0,70mm  0,028"  (3 holes)
    T3  0,71mm  0,028"  (4 holes)
    T4  0,80mm  0,031"  (20 holes)
    T5  0,95mm  0,037"  (4 holes)
    T6  1,00mm  0,039"  (6 holes)
    T7  1,20mm  0,047"  (4 holes)
    T8  1,20mm  0,047"  (2 holes)
    T9  1,25mm  0,049"  (20 holes)
    T10  1,40mm  0,055"  (10 holes)

    Total plated holes count 116


Not plated through holes are merged with plated holes
    unplated through holes:
    =============================================================
    T11  0,70mm  0,028"  (5 holes)
    T12  1,50mm  0,059"  (2 holes)

    Total unplated holes count 7
